This is pdfTeX, Version 3.141592653-2.6-1.40.25 (MiKTeX 23.10) (preloaded format=pdflatex 2023.10.21)  17 JAN 2024 12:36
entering extended mode
 restricted \write18 enabled.
 %&-line parsing enabled.
**./Bericht_Yannick.tex
(Bericht_Yannick.tex
LaTeX2e <2023-06-01> patch level 1
L3 programming layer <2023-08-29>
(C:\Users\yanni\AppData\Local\Programs\MiKTeX\tex/latex/base\article.cls
Document Class: article 2023/05/17 v1.4n Standard LaTeX document class
(C:\Users\yanni\AppData\Local\Programs\MiKTeX\tex/latex/base\size10.clo
File: size10.clo 2023/05/17 v1.4n Standard LaTeX file (size option)
)
\c@part=\count185
\c@section=\count186
\c@subsection=\count187
\c@subsubsection=\count188
\c@paragraph=\count189
\c@subparagraph=\count190
\c@figure=\count191
\c@table=\count192
\abovecaptionskip=\skip48
\belowcaptionskip=\skip49
\bibindent=\dimen140
)
(C:\Users\yanni\AppData\Local\Programs\MiKTeX\tex/latex/base\inputenc.sty
Package: inputenc 2021/02/14 v1.3d Input encoding file
\inpenc@prehook=\toks17
\inpenc@posthook=\toks18
)
(C:\Users\yanni\AppData\Local\Programs\MiKTeX\tex/latex/booktabs\booktabs.sty
Package: booktabs 2020/01/12 v1.61803398 Publication quality tables
\heavyrulewidth=\dimen141
\lightrulewidth=\dimen142
\cmidrulewidth=\dimen143
\belowrulesep=\dimen144
\belowbottomsep=\dimen145
\aboverulesep=\dimen146
\abovetopsep=\dimen147
\cmidrulesep=\dimen148
\cmidrulekern=\dimen149
\defaultaddspace=\dimen150
\@cmidla=\count193
\@cmidlb=\count194
\@aboverulesep=\dimen151
\@belowrulesep=\dimen152
\@thisruleclass=\count195
\@lastruleclass=\count196
\@thisrulewidth=\dimen153
)
(C:\Users\yanni\AppData\Local\Programs\MiKTeX\tex/latex/graphics\rotating.sty
Package: rotating 2016/08/11 v2.16d rotated objects in LaTeX

(C:\Users\yanni\AppData\Local\Programs\MiKTeX\tex/latex/graphics\graphicx.sty
Package: graphicx 2021/09/16 v1.2d Enhanced LaTeX Graphics (DPC,SPQR)

(C:\Users\yanni\AppData\Local\Programs\MiKTeX\tex/latex/graphics\keyval.sty
Package: keyval 2022/05/29 v1.15 key=value parser (DPC)
\KV@toks@=\toks19
)
(C:\Users\yanni\AppData\Local\Programs\MiKTeX\tex/latex/graphics\graphics.sty
Package: graphics 2022/03/10 v1.4e Standard LaTeX Graphics (DPC,SPQR)

(C:\Users\yanni\AppData\Local\Programs\MiKTeX\tex/latex/graphics\trig.sty
Package: trig 2021/08/11 v1.11 sin cos tan (DPC)
)
(C:\Users\yanni\AppData\Local\Programs\MiKTeX\tex/latex/graphics-cfg\graphics.c
fg
File: graphics.cfg 2016/06/04 v1.11 sample graphics configuration
)
Package graphics Info: Driver file: pdftex.def on input line 107.

(C:\Users\yanni\AppData\Local\Programs\MiKTeX\tex/latex/graphics-def\pdftex.def
File: pdftex.def 2022/09/22 v1.2b Graphics/color driver for pdftex
))
\Gin@req@height=\dimen154
\Gin@req@width=\dimen155
) (C:\Users\yanni\AppData\Local\Programs\MiKTeX\tex/latex/base\ifthen.sty
Package: ifthen 2022/04/13 v1.1d Standard LaTeX ifthen package (DPC)
)
\c@r@tfl@t=\count197
\rotFPtop=\skip50
\rotFPbot=\skip51
\rot@float@box=\box51
\rot@mess@toks=\toks20
)
(C:\Users\yanni\AppData\Local\Programs\MiKTeX\tex/latex/hyperref\hyperref.sty
Package: hyperref 2023-07-08 v7.01b Hypertext links for LaTeX

(C:\Users\yanni\AppData\Local\Programs\MiKTeX\tex/generic/ltxcmds\ltxcmds.sty
Package: ltxcmds 2020-05-10 v1.25 LaTeX kernel commands for general use (HO)
)
(C:\Users\yanni\AppData\Local\Programs\MiKTeX\tex/generic/iftex\iftex.sty
Package: iftex 2022/02/03 v1.0f TeX engine tests
)
(C:\Users\yanni\AppData\Local\Programs\MiKTeX\tex/generic/pdftexcmds\pdftexcmds
.sty
Package: pdftexcmds 2020-06-27 v0.33 Utility functions of pdfTeX for LuaTeX (HO
)

(C:\Users\yanni\AppData\Local\Programs\MiKTeX\tex/generic/infwarerr\infwarerr.s
ty
Package: infwarerr 2019/12/03 v1.5 Providing info/warning/error messages (HO)
)
Package pdftexcmds Info: \pdf@primitive is available.
Package pdftexcmds Info: \pdf@ifprimitive is available.
Package pdftexcmds Info: \pdfdraftmode found.
)
(C:\Users\yanni\AppData\Local\Programs\MiKTeX\tex/latex/kvsetkeys\kvsetkeys.sty
Package: kvsetkeys 2022-10-05 v1.19 Key value parser (HO)
)
(C:\Users\yanni\AppData\Local\Programs\MiKTeX\tex/generic/kvdefinekeys\kvdefine
keys.sty
Package: kvdefinekeys 2019-12-19 v1.6 Define keys (HO)
)
(C:\Users\yanni\AppData\Local\Programs\MiKTeX\tex/generic/pdfescape\pdfescape.s
ty
Package: pdfescape 2019/12/09 v1.15 Implements pdfTeX's escape features (HO)
) (C:\Users\yanni\AppData\Local\Programs\MiKTeX\tex/latex/hycolor\hycolor.sty
Package: hycolor 2020-01-27 v1.10 Color options for hyperref/bookmark (HO)
)
(C:\Users\yanni\AppData\Local\Programs\MiKTeX\tex/latex/letltxmacro\letltxmacro
.sty
Package: letltxmacro 2019/12/03 v1.6 Let assignment for LaTeX macros (HO)
)
(C:\Users\yanni\AppData\Local\Programs\MiKTeX\tex/latex/auxhook\auxhook.sty
Package: auxhook 2019-12-17 v1.6 Hooks for auxiliary files (HO)
)
(C:\Users\yanni\AppData\Local\Programs\MiKTeX\tex/latex/hyperref\nameref.sty
Package: nameref 2023-08-07 v2.53 Cross-referencing by name of section

(C:\Users\yanni\AppData\Local\Programs\MiKTeX\tex/latex/refcount\refcount.sty
Package: refcount 2019/12/15 v3.6 Data extraction from label references (HO)
)
(C:\Users\yanni\AppData\Local\Programs\MiKTeX\tex/generic/gettitlestring\gettit
lestring.sty
Package: gettitlestring 2019/12/15 v1.6 Cleanup title references (HO)

(C:\Users\yanni\AppData\Local\Programs\MiKTeX\tex/latex/kvoptions\kvoptions.sty
Package: kvoptions 2022-06-15 v3.15 Key value format for package options (HO)
))
\c@section@level=\count198
)
(C:\Users\yanni\AppData\Local\Programs\MiKTeX\tex/latex/etoolbox\etoolbox.sty
Package: etoolbox 2020/10/05 v2.5k e-TeX tools for LaTeX (JAW)
\etb@tempcnta=\count199
)
\@linkdim=\dimen156
\Hy@linkcounter=\count266
\Hy@pagecounter=\count267

(C:\Users\yanni\AppData\Local\Programs\MiKTeX\tex/latex/hyperref\pd1enc.def
File: pd1enc.def 2023-07-08 v7.01b Hyperref: PDFDocEncoding definition (HO)
Now handling font encoding PD1 ...
... no UTF-8 mapping file for font encoding PD1
)
(C:\Users\yanni\AppData\Local\Programs\MiKTeX\tex/generic/intcalc\intcalc.sty
Package: intcalc 2019/12/15 v1.3 Expandable calculations with integers (HO)
)
\Hy@SavedSpaceFactor=\count268

(C:\Users\yanni\AppData\Local\Programs\MiKTeX\tex/latex/hyperref\puenc.def
File: puenc.def 2023-07-08 v7.01b Hyperref: PDF Unicode definition (HO)
Now handling font encoding PU ...
... no UTF-8 mapping file for font encoding PU
)
Package hyperref Info: Hyper figures OFF on input line 4167.
Package hyperref Info: Link nesting OFF on input line 4172.
Package hyperref Info: Hyper index ON on input line 4175.
Package hyperref Info: Plain pages OFF on input line 4182.
Package hyperref Info: Backreferencing OFF on input line 4187.
Package hyperref Info: Implicit mode ON; LaTeX internals redefined.
Package hyperref Info: Bookmarks ON on input line 4434.
\c@Hy@tempcnt=\count269

(C:\Users\yanni\AppData\Local\Programs\MiKTeX\tex/latex/url\url.sty
\Urlmuskip=\muskip16
Package: url 2013/09/16  ver 3.4  Verb mode for urls, etc.
)
LaTeX Info: Redefining \url on input line 4772.
\XeTeXLinkMargin=\dimen157

(C:\Users\yanni\AppData\Local\Programs\MiKTeX\tex/generic/bitset\bitset.sty
Package: bitset 2019/12/09 v1.3 Handle bit-vector datatype (HO)

(C:\Users\yanni\AppData\Local\Programs\MiKTeX\tex/generic/bigintcalc\bigintcalc
.sty
Package: bigintcalc 2019/12/15 v1.5 Expandable calculations on big integers (HO
)
))
\Fld@menulength=\count270
\Field@Width=\dimen158
\Fld@charsize=\dimen159
Package hyperref Info: Hyper figures OFF on input line 6051.
Package hyperref Info: Link nesting OFF on input line 6056.
Package hyperref Info: Hyper index ON on input line 6059.
Package hyperref Info: backreferencing OFF on input line 6066.
Package hyperref Info: Link coloring OFF on input line 6071.
Package hyperref Info: Link coloring with OCG OFF on input line 6076.
Package hyperref Info: PDF/A mode OFF on input line 6081.

(C:\Users\yanni\AppData\Local\Programs\MiKTeX\tex/latex/base\atbegshi-ltx.sty
Package: atbegshi-ltx 2021/01/10 v1.0c Emulation of the original atbegshi
package with kernel methods
)
\Hy@abspage=\count271
\c@Item=\count272
\c@Hfootnote=\count273
)
Package hyperref Info: Driver (autodetected): hpdftex.
(C:\Users\yanni\AppData\Local\Programs\MiKTeX\tex/latex/hyperref\hpdftex.def
File: hpdftex.def 2023-07-08 v7.01b Hyperref driver for pdfTeX

(C:\Users\yanni\AppData\Local\Programs\MiKTeX\tex/latex/base\atveryend-ltx.sty
Package: atveryend-ltx 2020/08/19 v1.0a Emulation of the original atveryend pac
kage
with kernel methods
)
\Fld@listcount=\count274
\c@bookmark@seq@number=\count275

(C:\Users\yanni\AppData\Local\Programs\MiKTeX\tex/latex/rerunfilecheck\rerunfil
echeck.sty
Package: rerunfilecheck 2022-07-10 v1.10 Rerun checks for auxiliary files (HO)

(C:\Users\yanni\AppData\Local\Programs\MiKTeX\tex/generic/uniquecounter\uniquec
ounter.sty
Package: uniquecounter 2019/12/15 v1.4 Provide unlimited unique counter (HO)
)
Package uniquecounter Info: New unique counter `rerunfilecheck' on input line 2
85.
)
\Hy@SectionHShift=\skip52
)
(C:\Users\yanni\AppData\Local\Programs\MiKTeX\tex/latex/graphics\color.sty
Package: color 2022/01/06 v1.3d Standard LaTeX Color (DPC)

(C:\Users\yanni\AppData\Local\Programs\MiKTeX\tex/latex/graphics-cfg\color.cfg
File: color.cfg 2016/01/02 v1.6 sample color configuration
)
Package color Info: Driver file: pdftex.def on input line 149.
(C:\Users\yanni\AppData\Local\Programs\MiKTeX\tex/latex/graphics\mathcolor.ltx)
) (C:\Users\yanni\AppData\Local\Programs\MiKTeX\tex/latex/colortbl\colortbl.sty
Package: colortbl 2022/06/20 v1.0f Color table columns (DPC)
(C:\Users\yanni\AppData\Local\Programs\MiKTeX\tex/latex/tools\array.sty
Package: array 2022/09/04 v2.5g Tabular extension package (FMi)
\col@sep=\dimen160
\ar@mcellbox=\box52
\extrarowheight=\dimen161
\NC@list=\toks21
\extratabsurround=\skip53
\backup@length=\skip54
\ar@cellbox=\box53
)
\everycr=\toks22
\minrowclearance=\skip55
\rownum=\count276
)
(C:\Users\yanni\AppData\Local\Programs\MiKTeX\tex/latex/pdfpages\pdfpages.sty
Package: pdfpages 2022/12/19 v0.5x Insert pages of external PDF documents (AM)

(C:\Users\yanni\AppData\Local\Programs\MiKTeX\tex/latex/tools\calc.sty
Package: calc 2017/05/25 v4.3 Infix arithmetic (KKT,FJ)
\calc@Acount=\count277
\calc@Bcount=\count278
\calc@Adimen=\dimen162
\calc@Bdimen=\dimen163
\calc@Askip=\skip56
\calc@Bskip=\skip57
LaTeX Info: Redefining \setlength on input line 80.
LaTeX Info: Redefining \addtolength on input line 81.
\calc@Ccount=\count279
\calc@Cskip=\skip58
)
(C:\Users\yanni\AppData\Local\Programs\MiKTeX\tex/latex/eso-pic\eso-pic.sty
Package: eso-pic 2023/05/03 v3.0c eso-pic (RN)
\ESO@tempdima=\dimen164
\ESO@tempdimb=\dimen165
)
\AM@pagewidth=\dimen166
\AM@pageheight=\dimen167
\AM@fboxrule=\dimen168

(C:\Users\yanni\AppData\Local\Programs\MiKTeX\tex/latex/pdfpages\pppdftex.def
File: pppdftex.def 2022/12/19 v0.5x Pdfpages driver for pdfTeX (AM)
)
\pdfpages@includegraphics@status=\count280
\AM@pagebox=\box54
\AM@global@opts=\toks23
\AM@pagecnt=\count281
\AM@toc@title=\toks24
\AM@lof@heading=\toks25
\c@AM@survey=\count282
\AM@templatesizebox=\box55
) (C:\Users\yanni\AppData\Local\Programs\MiKTeX\tex/latex/geometry\geometry.sty
Package: geometry 2020/01/02 v5.9 Page Geometry

(C:\Users\yanni\AppData\Local\Programs\MiKTeX\tex/generic/iftex\ifvtex.sty
Package: ifvtex 2019/10/25 v1.7 ifvtex legacy package. Use iftex instead.
)
\Gm@cnth=\count283
\Gm@cntv=\count284
\c@Gm@tempcnt=\count285
\Gm@bindingoffset=\dimen169
\Gm@wd@mp=\dimen170
\Gm@odd@mp=\dimen171
\Gm@even@mp=\dimen172
\Gm@layoutwidth=\dimen173
\Gm@layoutheight=\dimen174
\Gm@layouthoffset=\dimen175
\Gm@layoutvoffset=\dimen176
\Gm@dimlist=\toks26

(C:\Users\yanni\AppData\Local\Programs\MiKTeX\tex/latex/geometry\geometry.cfg))

(C:\Users\yanni\AppData\Local\Programs\MiKTeX\tex/latex/l3backend\l3backend-pdf
tex.def
File: l3backend-pdftex.def 2023-04-19 L3 backend support: PDF output (pdfTeX)
\l__color_backend_stack_int=\count286
\l__pdf_internal_box=\box56
) (Bericht_Yannick.aux)
\openout1 = `Bericht_Yannick.aux'.

LaTeX Font Info:    Checking defaults for OML/cmm/m/it on input line 14.
LaTeX Font Info:    ... okay on input line 14.
LaTeX Font Info:    Checking defaults for OMS/cmsy/m/n on input line 14.
LaTeX Font Info:    ... okay on input line 14.
LaTeX Font Info:    Checking defaults for OT1/cmr/m/n on input line 14.
LaTeX Font Info:    ... okay on input line 14.
LaTeX Font Info:    Checking defaults for T1/cmr/m/n on input line 14.
LaTeX Font Info:    ... okay on input line 14.
LaTeX Font Info:    Checking defaults for TS1/cmr/m/n on input line 14.
LaTeX Font Info:    ... okay on input line 14.
LaTeX Font Info:    Checking defaults for OMX/cmex/m/n on input line 14.
LaTeX Font Info:    ... okay on input line 14.
LaTeX Font Info:    Checking defaults for U/cmr/m/n on input line 14.
LaTeX Font Info:    ... okay on input line 14.
LaTeX Font Info:    Checking defaults for PD1/pdf/m/n on input line 14.
LaTeX Font Info:    ... okay on input line 14.
LaTeX Font Info:    Checking defaults for PU/pdf/m/n on input line 14.
LaTeX Font Info:    ... okay on input line 14.

(C:\Users\yanni\AppData\Local\Programs\MiKTeX\tex/context/base/mkii\supp-pdf.mk
ii
[Loading MPS to PDF converter (version 2006.09.02).]
\scratchcounter=\count287
\scratchdimen=\dimen177
\scratchbox=\box57
\nofMPsegments=\count288
\nofMParguments=\count289
\everyMPshowfont=\toks27
\MPscratchCnt=\count290
\MPscratchDim=\dimen178
\MPnumerator=\count291
\makeMPintoPDFobject=\count292
\everyMPtoPDFconversion=\toks28
)
(C:\Users\yanni\AppData\Local\Programs\MiKTeX\tex/latex/epstopdf-pkg\epstopdf-b
ase.sty
Package: epstopdf-base 2020-01-24 v2.11 Base part for package epstopdf
Package epstopdf-base Info: Redefining graphics rule for `.eps' on input line 4
85.

(C:\Users\yanni\AppData\Local\Programs\MiKTeX\tex/latex/00miktex\epstopdf-sys.c
fg
File: epstopdf-sys.cfg 2021/03/18 v2.0 Configuration of epstopdf for MiKTeX
))
Package hyperref Info: Link coloring OFF on input line 14.
 (Bericht_Yannick.out) (Bericht_Yannick.out)
\@outlinefile=\write3
\openout3 = `Bericht_Yannick.out'.


(C:\Users\yanni\AppData\Local\Programs\MiKTeX\tex/latex/pdflscape\pdflscape.sty
Package: pdflscape 2022-10-27 v0.13 Display of landscape pages in PDF

(C:\Users\yanni\AppData\Local\Programs\MiKTeX\tex/latex/pdflscape\pdflscape-nom
etadata.sty
Package: pdflscape-nometadata 2022-10-28 v0.13 Display of landscape pages in PD
F (HO)

(C:\Users\yanni\AppData\Local\Programs\MiKTeX\tex/latex/graphics\lscape.sty
Package: lscape 2020/05/28 v3.02 Landscape Pages (DPC)
)
Package pdflscape Info: Auto-detected driver: pdftex on input line 81.
))
*geometry* driver: auto-detecting
*geometry* detected driver: pdftex
*geometry* verbose mode - [ preamble ] result:
* driver: pdftex
* paper: a4paper
* layout: <same size as paper>
* layoutoffset:(h,v)=(0.0pt,0.0pt)
* modes: 
* h-part:(L,W,R)=(56.9055pt, 483.69687pt, 56.9055pt)
* v-part:(T,H,B)=(42.67912pt, 700.96107pt, 101.40665pt)
* \paperwidth=597.50787pt
* \paperheight=845.04684pt
* \textwidth=483.69687pt
* \textheight=700.96107pt
* \oddsidemargin=-15.36449pt
* \evensidemargin=-15.36449pt
* \topmargin=-66.59087pt
* \headheight=12.0pt
* \headsep=25.0pt
* \topskip=10.0pt
* \footskip=30.0pt
* \marginparwidth=57.0pt
* \marginparsep=11.0pt
* \columnsep=10.0pt
* \skip\footins=9.0pt plus 4.0pt minus 2.0pt
* \hoffset=0.0pt
* \voffset=0.0pt
* \mag=1000
* \@twocolumnfalse
* \@twosidefalse
* \@mparswitchfalse
* \@reversemarginfalse
* (1in=72.27pt=25.4mm, 1cm=28.453pt)

[1

{C:/Users/yanni/AppData/Local/MiKTeX/fonts/map/pdftex/pdftex.map}] [2]
(Bericht_Yannick.toc)
\tf@toc=\write4
\openout4 = `Bericht_Yannick.toc'.

 [3] [4] [5] [6] [7] [8]
<C:/Users/yanni/Desktop/Studium/3. Semester/Erhebungstechniken/Fragebogen Proje
kt/Final.pdf, id=41, 598.15468pt x 846.0408pt>
File: C:/Users/yanni/Desktop/Studium/3. Semester/Erhebungstechniken/Fragebogen 
Projekt/Final.pdf Graphic file (type pdf)
<use C:/Users/yanni/Desktop/Studium/3. Semester/Erhebungstechniken/Fragebogen P
rojekt/Final.pdf>
Package pdftex.def Info: C:/Users/yanni/Desktop/Studium/3. Semester/Erhebungste
chniken/Fragebogen Projekt/Final.pdf  used on input line 57.
(pdftex.def)             Requested size: 598.15321pt x 846.03874pt.
File: C:/Users/yanni/Desktop/Studium/3. Semester/Erhebungstechniken/Fragebogen 
Projekt/Final.pdf Graphic file (type pdf)
<use C:/Users/yanni/Desktop/Studium/3. Semester/Erhebungstechniken/Fragebogen P
rojekt/Final.pdf>
Package pdftex.def Info: C:/Users/yanni/Desktop/Studium/3. Semester/Erhebungste
chniken/Fragebogen Projekt/Final.pdf  used on input line 57.
(pdftex.def)             Requested size: 598.15321pt x 846.03874pt.
<C:/Users/yanni/Desktop/Studium/3. Semester/Erhebungstechniken/Fragebogen Proje
kt/Final.pdf, id=44, page=1, 598.15468pt x 846.0408pt>
File: C:/Users/yanni/Desktop/Studium/3. Semester/Erhebungstechniken/Fragebogen 
Projekt/Final.pdf Graphic file (type pdf)
<use C:/Users/yanni/Desktop/Studium/3. Semester/Erhebungstechniken/Fragebogen P
rojekt/Final.pdf, page 1>
Package pdftex.def Info: C:/Users/yanni/Desktop/Studium/3. Semester/Erhebungste
chniken/Fragebogen Projekt/Final.pdf , page1 used on input line 57.
(pdftex.def)             Requested size: 598.15321pt x 846.03874pt.
File: C:/Users/yanni/Desktop/Studium/3. Semester/Erhebungstechniken/Fragebogen 
Projekt/Final.pdf Graphic file (type pdf)
<use C:/Users/yanni/Desktop/Studium/3. Semester/Erhebungstechniken/Fragebogen P
rojekt/Final.pdf, page 1>
Package pdftex.def Info: C:/Users/yanni/Desktop/Studium/3. Semester/Erhebungste
chniken/Fragebogen Projekt/Final.pdf , page1 used on input line 57.
(pdftex.def)             Requested size: 597.4778pt x 845.08344pt.
File: C:/Users/yanni/Desktop/Studium/3. Semester/Erhebungstechniken/Fragebogen 
Projekt/Final.pdf Graphic file (type pdf)
<use C:/Users/yanni/Desktop/Studium/3. Semester/Erhebungstechniken/Fragebogen P
rojekt/Final.pdf, page 1>
Package pdftex.def Info: C:/Users/yanni/Desktop/Studium/3. Semester/Erhebungste
chniken/Fragebogen Projekt/Final.pdf , page1 used on input line 57.
(pdftex.def)             Requested size: 597.4778pt x 845.08344pt.
File: C:/Users/yanni/Desktop/Studium/3. Semester/Erhebungstechniken/Fragebogen 
Projekt/Final.pdf Graphic file (type pdf)
<use C:/Users/yanni/Desktop/Studium/3. Semester/Erhebungstechniken/Fragebogen P
rojekt/Final.pdf, page 1>
Package pdftex.def Info: C:/Users/yanni/Desktop/Studium/3. Semester/Erhebungste
chniken/Fragebogen Projekt/Final.pdf , page1 used on input line 57.
(pdftex.def)             Requested size: 597.4778pt x 845.08344pt.
File: C:/Users/yanni/Desktop/Studium/3. Semester/Erhebungstechniken/Fragebogen 
Projekt/Final.pdf Graphic file (type pdf)
<use C:/Users/yanni/Desktop/Studium/3. Semester/Erhebungstechniken/Fragebogen P
rojekt/Final.pdf, page 1>
Package pdftex.def Info: C:/Users/yanni/Desktop/Studium/3. Semester/Erhebungste
chniken/Fragebogen Projekt/Final.pdf , page1 used on input line 57.
(pdftex.def)             Requested size: 597.4778pt x 845.08344pt.
 [9 <C:/Users/yanni/Desktop/Studium/3. Semester/Erhebungstechniken/Fragebogen P
rojekt/Final.pdf>]
<C:/Users/yanni/Desktop/Studium/3. Semester/Erhebungstechniken/Fragebogen Proje
kt/Final.pdf, id=82, page=2, 598.15468pt x 846.0408pt>
File: C:/Users/yanni/Desktop/Studium/3. Semester/Erhebungstechniken/Fragebogen 
Projekt/Final.pdf Graphic file (type pdf)
<use C:/Users/yanni/Desktop/Studium/3. Semester/Erhebungstechniken/Fragebogen P
rojekt/Final.pdf, page 2>
Package pdftex.def Info: C:/Users/yanni/Desktop/Studium/3. Semester/Erhebungste
chniken/Fragebogen Projekt/Final.pdf , page2 used on input line 57.
(pdftex.def)             Requested size: 597.4778pt x 845.08344pt.
File: C:/Users/yanni/Desktop/Studium/3. Semester/Erhebungstechniken/Fragebogen 
Projekt/Final.pdf Graphic file (type pdf)
<use C:/Users/yanni/Desktop/Studium/3. Semester/Erhebungstechniken/Fragebogen P
rojekt/Final.pdf, page 2>
Package pdftex.def Info: C:/Users/yanni/Desktop/Studium/3. Semester/Erhebungste
chniken/Fragebogen Projekt/Final.pdf , page2 used on input line 57.
(pdftex.def)             Requested size: 597.4778pt x 845.08344pt.
File: C:/Users/yanni/Desktop/Studium/3. Semester/Erhebungstechniken/Fragebogen 
Projekt/Final.pdf Graphic file (type pdf)
<use C:/Users/yanni/Desktop/Studium/3. Semester/Erhebungstechniken/Fragebogen P
rojekt/Final.pdf, page 2>
Package pdftex.def Info: C:/Users/yanni/Desktop/Studium/3. Semester/Erhebungste
chniken/Fragebogen Projekt/Final.pdf , page2 used on input line 57.
(pdftex.def)             Requested size: 597.4778pt x 845.08344pt.
 [10 <C:/Users/yanni/Desktop/Studium/3. Semester/Erhebungstechniken/Fragebogen 
Projekt/Final.pdf>]
<C:/Users/yanni/Desktop/Studium/3. Semester/Erhebungstechniken/Fragebogen Proje
kt/Final.pdf, id=97, page=3, 598.15468pt x 846.0408pt>
File: C:/Users/yanni/Desktop/Studium/3. Semester/Erhebungstechniken/Fragebogen 
Projekt/Final.pdf Graphic file (type pdf)
<use C:/Users/yanni/Desktop/Studium/3. Semester/Erhebungstechniken/Fragebogen P
rojekt/Final.pdf, page 3>
Package pdftex.def Info: C:/Users/yanni/Desktop/Studium/3. Semester/Erhebungste
chniken/Fragebogen Projekt/Final.pdf , page3 used on input line 57.
(pdftex.def)             Requested size: 597.4778pt x 845.08344pt.
File: C:/Users/yanni/Desktop/Studium/3. Semester/Erhebungstechniken/Fragebogen 
Projekt/Final.pdf Graphic file (type pdf)
<use C:/Users/yanni/Desktop/Studium/3. Semester/Erhebungstechniken/Fragebogen P
rojekt/Final.pdf, page 3>
Package pdftex.def Info: C:/Users/yanni/Desktop/Studium/3. Semester/Erhebungste
chniken/Fragebogen Projekt/Final.pdf , page3 used on input line 57.
(pdftex.def)             Requested size: 597.4778pt x 845.08344pt.
File: C:/Users/yanni/Desktop/Studium/3. Semester/Erhebungstechniken/Fragebogen 
Projekt/Final.pdf Graphic file (type pdf)
<use C:/Users/yanni/Desktop/Studium/3. Semester/Erhebungstechniken/Fragebogen P
rojekt/Final.pdf, page 3>
Package pdftex.def Info: C:/Users/yanni/Desktop/Studium/3. Semester/Erhebungste
chniken/Fragebogen Projekt/Final.pdf , page3 used on input line 57.
(pdftex.def)             Requested size: 597.4778pt x 845.08344pt.
 [11 <C:/Users/yanni/Desktop/Studium/3. Semester/Erhebungstechniken/Fragebogen 
Projekt/Final.pdf>]
<C:/Users/yanni/Desktop/Studium/3. Semester/Erhebungstechniken/Fragebogen Proje
kt/Final.pdf, id=105, page=4, 598.15468pt x 846.0408pt>
File: C:/Users/yanni/Desktop/Studium/3. Semester/Erhebungstechniken/Fragebogen 
Projekt/Final.pdf Graphic file (type pdf)
<use C:/Users/yanni/Desktop/Studium/3. Semester/Erhebungstechniken/Fragebogen P
rojekt/Final.pdf, page 4>
Package pdftex.def Info: C:/Users/yanni/Desktop/Studium/3. Semester/Erhebungste
chniken/Fragebogen Projekt/Final.pdf , page4 used on input line 57.
(pdftex.def)             Requested size: 597.4778pt x 845.08344pt.
File: C:/Users/yanni/Desktop/Studium/3. Semester/Erhebungstechniken/Fragebogen 
Projekt/Final.pdf Graphic file (type pdf)
<use C:/Users/yanni/Desktop/Studium/3. Semester/Erhebungstechniken/Fragebogen P
rojekt/Final.pdf, page 4>
Package pdftex.def Info: C:/Users/yanni/Desktop/Studium/3. Semester/Erhebungste
chniken/Fragebogen Projekt/Final.pdf , page4 used on input line 57.
(pdftex.def)             Requested size: 597.4778pt x 845.08344pt.
File: C:/Users/yanni/Desktop/Studium/3. Semester/Erhebungstechniken/Fragebogen 
Projekt/Final.pdf Graphic file (type pdf)
<use C:/Users/yanni/Desktop/Studium/3. Semester/Erhebungstechniken/Fragebogen P
rojekt/Final.pdf, page 4>
Package pdftex.def Info: C:/Users/yanni/Desktop/Studium/3. Semester/Erhebungste
chniken/Fragebogen Projekt/Final.pdf , page4 used on input line 57.
(pdftex.def)             Requested size: 597.4778pt x 845.08344pt.
 [12 <C:/Users/yanni/Desktop/Studium/3. Semester/Erhebungstechniken/Fragebogen 
Projekt/Final.pdf>] [13] (Bericht_Yannick.aux)
 ***********
LaTeX2e <2023-06-01> patch level 1
L3 programming layer <2023-08-29>
 ***********
Package rerunfilecheck Info: File `Bericht_Yannick.out' has not changed.
(rerunfilecheck)             Checksum: D41D8CD98F00B204E9800998ECF8427E;0.
 ) 
Here is how much of TeX's memory you used:
 10124 strings out of 475247
 163799 string characters out of 5757791
 1921785 words of memory out of 5000000
 31510 multiletter control sequences out of 15000+600000
 559280 words of font info for 40 fonts, out of 8000000 for 9000
 1141 hyphenation exceptions out of 8191
 75i,17n,79p,271b,562s stack positions out of 10000i,1000n,20000p,200000b,200000s
<C:/Users/yanni/AppData/Local/Programs/MiKTeX/fonts/type1/public/amsfonts/cm/
cmbx12.pfb><C:/Users/yanni/AppData/Local/Programs/MiKTeX/fonts/type1/public/ams
fonts/cm/cmr10.pfb><C:/Users/yanni/AppData/Local/Programs/MiKTeX/fonts/type1/pu
blic/amsfonts/cm/cmr12.pfb>
Output written on Bericht_Yannick.pdf (13 pages, 577681 bytes).
PDF statistics:
 136 PDF objects out of 1000 (max. 8388607)
 15 named destinations out of 1000 (max. 500000)
 36 words of extra memory for PDF output out of 10000 (max. 10000000)

